<?xml version="1.0" encoding="UTF-8"?>
<testng-results ignored="0" total="1" passed="1" failed="0" skipped="0">
  <reporter-output>
  </reporter-output>
  <suite started-at="2025-08-08T10:17:38 IST" name="Default suite" finished-at="2025-08-08T10:17:41 IST" duration-ms="2973">
    <groups>
    </groups>
    <test started-at="2025-08-08T10:17:38 IST" name="Default test" finished-at="2025-08-08T10:17:41 IST" duration-ms="2973">
      <class name="demo1.GraphQLExample">
        <test-method signature="testQuery()[pri:0, instance:demo1.GraphQLExample@7cc0cdad]" started-at="2025-08-08T10:17:38 IST" name="testQuery" finished-at="2025-08-08T10:17:41 IST" duration-ms="2865" status="PASS">
          <reporter-output>
          </reporter-output>
        </test-method> <!-- testQuery -->
      </class> <!-- demo1.GraphQLExample -->
    </test> <!-- Default test -->
  </suite> <!-- Default suite -->
</testng-results>
