<?xml version="1.0" encoding="UTF-8"?>
<testng-results ignored="0" total="1" passed="1" failed="0" skipped="0">
  <reporter-output>
  </reporter-output>
  <suite started-at="2025-08-08T15:44:16 IST" name="Default suite" finished-at="2025-08-08T15:44:22 IST" duration-ms="5321">
    <groups>
    </groups>
    <test started-at="2025-08-08T15:44:16 IST" name="Default test" finished-at="2025-08-08T15:44:22 IST" duration-ms="5321">
      <class name="demo1.PostTest">
        <test-method signature="postTest1()[pri:0, instance:demo1.PostTest@5c6648b0]" started-at="2025-08-08T15:44:16 IST" name="postTest1" finished-at="2025-08-08T15:44:22 IST" duration-ms="5219" status="PASS">
          <reporter-output>
          </reporter-output>
        </test-method> <!-- postTest1 -->
      </class> <!-- demo1.PostTest -->
    </test> <!-- Default test -->
  </suite> <!-- Default suite -->
</testng-results>
